0:100  0:100  MemLog inited, TSC freq: 2494221666
0:100  0:000  CPU was calibrated with ACPI PM Timer
0:100  0:000  
0:100  0:000  Now is 9.1.2019,  8:16:0 (GMT)
0:100  0:000  Starting Clover revision: 4792 on American Megatrends EFI
0:100  0:000  Build with: [Args: -mc --no-usb -D NO_GRUB_DRIVERS_EMBEDDED -t XCODE8 | -D DISABLE_USB_SUPPORT -D NO_GRUB_DRIVERS_EMBEDDED --conf=/Users/sky/src/edk2/Conf -D USE_BIOS_BLOCKIO -D USE_LOW_EBDA -a X64 -b RELEASE -t XCODE8 -n 13 | OS: 10.14.2 | XCODE: 10.1]
0:100  0:000  SelfDevicePath=PciRoot(0x0)\Pci(0x1F,0x2)\Sata(0x4,0xFFFF,0x0)\HD(1,GPT,5309394B-B42B-4A6E-8393-4A043DB32798,0x28,0x71FD8) @BC88E918
0:100  0:000  SelfDirPath = \EFI\CLOVER
0:100  0:000  === [ Get Smbios ] ========================================
0:100  0:000  Type 16 Index = 0
0:100  0:000  Total Memory Slots Count = 4
0:100  0:000  Type 17 Index = 0
0:100  0:000  SmbiosTable.Type17->Speed = 1600MHz
0:100  0:000  SmbiosTable.Type17->Size = 4096MB
0:100  0:000  SmbiosTable.Type17->Bank/Device = BANK 0 ChannelA-DIMM0
0:100  0:000  SmbiosTable.Type17->Vendor = 1315
0:100  0:000  SmbiosTable.Type17->SerialNumber = 22350000
0:100  0:000  SmbiosTable.Type17->PartNumber = CT51264BF160BJ.C8F
0:100  0:000  Type 17 Index = 1
0:100  0:000  Ignoring insane frequency value 0MHz
0:100  0:000  SmbiosTable.Type17->Speed = 0MHz
0:100  0:000  SmbiosTable.Type17->Size = 0MB
0:100  0:000  SmbiosTable.Type17->Bank/Device = BANK 1 ChannelA-DIMM1
0:100  0:000  SmbiosTable.Type17->Vendor = <null string>
0:100  0:000  SmbiosTable.Type17->SerialNumber = <null string>
0:100  0:000  SmbiosTable.Type17->PartNumber = <null string>
0:100  0:000  Type 17 Index = 2
0:100  0:000  SmbiosTable.Type17->Speed = 1600MHz
0:100  0:000  SmbiosTable.Type17->Size = 4096MB
0:100  0:000  SmbiosTable.Type17->Bank/Device = BANK 2 ChannelB-DIMM0
0:100  0:000  SmbiosTable.Type17->Vendor = 1315
0:100  0:000  SmbiosTable.Type17->SerialNumber = FFFFFFFF
0:100  0:000  SmbiosTable.Type17->PartNumber =                   
0:100  0:000  Type 17 Index = 3
0:100  0:000  Ignoring insane frequency value 0MHz
0:100  0:000  SmbiosTable.Type17->Speed = 0MHz
0:100  0:000  SmbiosTable.Type17->Size = 0MB
0:100  0:000  SmbiosTable.Type17->Bank/Device = BANK 3 ChannelB-DIMM1
0:100  0:000  SmbiosTable.Type17->Vendor = <null string>
0:100  0:000  SmbiosTable.Type17->SerialNumber = <null string>
0:100  0:000  SmbiosTable.Type17->PartNumber = <null string>
0:100  0:000  Boot status=0
0:100  0:000  Running on: 'W65_67SJ ' with board 'W65_67SJ '
0:100  0:000  === [ GetCPUProperties ] ==================================
0:100  0:000  CPU Vendor = 756E6547 Model=306C3
0:100  0:000   The CPU supported SSE4.1
0:100  0:000  BrandString = Intel(R) Core(TM) i7-4710MQ CPU @ 2.50GHz
0:100  0:000   The CPU supported turbo
0:100  0:000  MSR 0x35               40008
0:100  0:000  MSR 0xE2 before patch 1E008405
0:100  0:000  MSR 0xE2 is locked, PM patches will be turned on
0:100  0:000  MSR 0xCE              00080838_F3011900
0:100  0:000  corrected FLEX_RATIO = 40000
0:100  0:000  MSR 0x1B0             00000000
0:100  0:000  FSBFrequency = 100 MHz, DMI FSBFrequency = 100 MHz, Corrected FSBFrequency = 100 MHz
0:100  0:000  MaxDiv/MinDiv: 25.0/8
0:100  0:000  Turbo: 33/33/34/35
0:100  0:000  Features: 0xBFEBFBFF
0:100  0:000  Threads: 8
0:100  0:000  Cores: 4
0:100  0:000  FSB: 100 MHz
0:100  0:000  CPU: 2500 MHz
0:100  0:000  TSC: 2500 MHz
0:100  0:000  PIS: 100 MHz
0:100  0:000  ExternalClock: 25 MHz
0:100  0:000  === [ GetDevices ] ========================================
0:100  0:000  PCI (00|00:00.00) : 8086 0C04 class=060000
0:100  0:000  PCI (00|00:01.00) : 8086 0C01 class=060400
0:100  0:000  PCI (00|01:00.00) : 10DE 1391 class=030200
0:100  0:000  PCI (00|00:02.00) : 8086 0416 class=030000
0:100  0:000   - GFX: Model=Intel HD Graphics 4600 (Intel)
0:100  0:000  PCI (00|00:03.00) : 8086 0C0C class=040300
0:100  0:000  PCI (00|00:14.00) : 8086 8C31 class=0C0330
0:100  0:000  PCI (00|00:16.00) : 8086 8C3A class=078000
0:100  0:000  PCI (00|00:16.01) : FFFF FFFF class=FFFFFF
0:100  0:000  PCI (00|00:1A.00) : 8086 8C2D class=0C0320
0:100  0:000  PCI (00|00:1B.00) : 8086 8C20 class=040300
0:100  0:000  PCI (00|00:1C.00) : 8086 8C10 class=060400
0:100  0:000  PCI (00|00:1C.02) : 8086 8C14 class=060400
0:100  0:000  PCI (00|03:00.00) : 168C 0034 class=028000
0:100  0:000   - WIFI: Vendor=Atheros
0:100  0:000  PCI (00|00:1C.03) : 8086 8C16 class=060400
0:100  0:000  PCI (00|04:00.00) : 10EC 5289 class=FF0000
0:100  0:000  PCI (00|04:00.02) : 10EC 8168 class=020000
0:100  0:000   - LAN: 0 Vendor=Realtek
0:100  0:000  PCI (00|00:1D.00) : 8086 8C26 class=0C0320
0:100  0:000  PCI (00|00:1F.00) : 8086 8C49 class=060100
0:100  0:000  PCI (00|00:1F.02) : 8086 8C03 class=010601
0:100  0:000  PCI (00|00:1F.03) : 8086 8C22 class=0C0500
0:100  0:000  PCI (00|00:1F.06) : FFFF FFFF class=FFFFFF
0:100  0:000  === [ GetDefaultSettings ] ================================
0:100  0:000  Clover load options size = 0 bytes
0:101  0:001  EFI\CLOVER\config.plist loaded: Success
0:101  0:000  === [ GetListOfThemes ] ===================================
0:102  0:001  - [00]: Clovy
0:105  0:002  - [01]: Hackintosh_ID
0:106  0:001  - [02]: SimpleThemeDark
0:107  0:001  === [ Found config plists ] ===============================
0:107  0:000  - config.plist
0:107  0:000  - config11.plist
0:107  0:000  - configcsmky.plist
0:107  0:000  === [ GetEarlyUserSettings ] ==============================
0:107  0:000  timeout set to 5
0:107  0:000  Custom boot CUSTOM_BOOT_DISABLED (0x0)
0:107  0:000  ForceKextsToLoad: 1 requested
0:107  0:000   - [0]: System\Library\Extensions\IONetworkingFamily.kext
0:107  0:000  KernelToPatch: 3 requested
0:107  0:000   - [00]: MSR 0xE2 _xcpm_idle instant reboot(c) Pike R. Alpha :: data len: 8
0:107  0:000   - [01]: Disable panic kext logging on 10.13 release kernel (credit vit9696) :: MatchOS: 10.13.x :: data len: 6
0:107  0:000   - [02]: Disable panic kext logging on 10.14 release kernel (credit vit9696) :: MatchOS: 10.14.x :: data len: 6
0:107  0:000  Default theme: BGM
0:107  0:000  Hiding entries with string Preboot
0:107  0:000  === [ LoadDrivers ] =======================================
0:108  0:000  Loading APFS.EFI  status=Success
0:109  0:001   - driver needs connecting
0:109  0:000  Loading ApfsDriverLoader-64.efi  status=Success
0:110  0:000   - driver needs connecting
0:110  0:000  Loading AppleImageLoader-64.efi  status=Success
0:111  0:000  Loading AptioMemoryFix-64.efi  status=Success
0:112  0:000  Loading DataHubDxe-64.efi  status=Success
0:124  0:012  Loading EmuVariableUefi-64.efi  status=Success
0:125  0:000  EmuVariableUefi Initialize: VariableCommonInitialize = Success, orig services stored, install gEmuVariableControlProtocolGuid = Success
0:125  0:000  Loading FSInject-64.efi  status=Success
0:126  0:000  Loading HFSPlus.efi  status=Success
0:127  0:000   - driver needs connecting
0:127  0:000  Loading SMCHelper-64.efi  status=Success
0:127  0:000  3 drivers needs connecting ...
0:127  0:000  PlatformDriverOverrideProtocol->GetDriver overriden
0:127  0:000  HFS+ driver loaded
0:127  0:000  APFS driver loaded
0:127  0:000  Searching for invalid DiskIo BY_DRIVER connects: not found, all ok
0:570  0:442  EmuVariable InstallEmulation: orig vars copied, emu.var.services installed, CreateEvent VirtualAddressChange = Success, CreateEvent ExitBootServices = Success, set Status=Success
0:586  0:016  === [ InitScreen ] ========================================
0:586  0:000  SetMaxResolution: found best mode 0: 800x600
0:586  0:000   - already set
0:586  0:000  Console modes reported: 3, available modes:
0:586  0:000   - [01]: 80x25 (current mode)
0:586  0:000   - [02]: 80x50
0:586  0:000   - [03]: 100x31
0:586  0:000  reinit: self device path=PciRoot(0x0)\Pci(0x1F,0x2)\Sata(0x4,0xFFFF,0x0)\HD(1,GPT,5309394B-B42B-4A6E-8393-4A043DB32798,0x28,0x71FD8)
0:586  0:000  Using embedded font: Success
0:587  0:000  === [ GetMacAddress ] =====================================
0:587  0:000  MAC address of LAN #0= 80:FA:5B:0D:C3:B0:
0:587  0:000  === [ ScanSPD ] ===========================================
0:587  0:000  SMBus device : 8086 8C22 class=0C0500 status=Success
0:587  0:000  SMBus CmdReg: 0x3
0:587  0:000  Scanning SMBus [8086:8C22], mmio: 0xF7A19004, ioport: 0xF040, hostc: 0x11
0:587  0:000  Slots to scan [8]...
0:587  0:000  SPD[0]: Type 11 @0x50
0:605  0:018  Not using XMP because it is not present
0:605  0:000  DDR speed 1600MHz
0:605  0:000  Slot: 0 Type 24 4096MB 1600MHz Vendor=Crucial Technology PartNo=CT51264BF160BJ.C8F SerialNo=0202030500000000
0:606  0:000  SPD[2]: Type 11 @0x52
0:616  0:010  Not using XMP because it is not present
0:616  0:000  DDR speed 1600MHz
0:616  0:000  Slot: 2 Type 24 4096MB 1600MHz Vendor=NoName PartNo= SerialNo=0F0F0F0F0F0F0F0F
0:617  0:000  === [ GetAcpiTablesList ] =================================
0:617  0:000  Get Acpi Tables List from RSDT:
0:617  0:000   - [00]: FACP  A M I len=132
0:617  0:000   - [01]: APIC  A M I len=146
0:617  0:000   - [02]: FPDT  A M I len=68
0:617  0:000   - [03]: ASF!   HCG len=165
0:617  0:000   - [04]: SSDT  PtidDevc len=3986
0:617  0:000   - [05]: SSDT  Cpu0Ist len=1337
0:617  0:000   - [06]: SSDT  CpuPm len=2776
0:617  0:000   - [07]: MCFG  A M I len=60
0:617  0:000   - [08]: HPET  A M I len=56
0:617  0:000   - [09]: SSDT  SataTabl len=789
0:617  0:000   - [10]: SSDT  SaSsdt  len=7245
0:617  0:000   - [11]: SSDT  SgPeg len=3886
0:617  0:000   - [12]: SSDT  OptTabl len=7220
0:617  0:000   - [13]: SSDT  IsctTabl len=986
0:617  0:000   - [14]: BGRT  A M I len=56
0:617  0:000  Calibrated TSC Frequency = 2494221666 = 2494MHz
0:617  0:000  === [ GetUserSettings ] ===================================
0:617  0:000  Add 3 devices:
0:617  0:000  Add 8 properties:
0:617  0:000   - [00]: NVidia Key: name, len: 9
0:617  0:000   - [01]: NVidia Key: IOName, len: 9
0:617  0:000   - [02]: NVidia Key: class-code, len: 4
0:617  0:000   - [03]: ATI Key: name, len: 9
0:617  0:000   - [04]: ATI Key: IOName, len: 9
0:617  0:000   - [05]: ATI Key: class-code, len: 4
0:617  0:000   - [06]: ATI Key: vendor-id, len: 4
0:617  0:000   - [07]: ATI Key: device-id, len: 4
0:617  0:000  USB FixOwnership: yes
0:617  0:000  Dropping 2 tables:
0:617  0:000   - [00]: Drop table  signature="#MCF" (46434D23)
0:617  0:000           - set table: 46434D23,                0 to drop: no
0:617  0:000   - [01]: Drop table  signature="DMAR" (52414D44)
0:617  0:000           - set table: 52414D44,                0 to drop: no
0:617  0:000   - final DSDT Fix mask=00000000
0:617  0:000  PatchesDSDT: 8 requested
0:617  0:000   - [00]: (change _DSM to XDSM) lenToFind: 4, lenToReplace: 4, Target Bridge: <null string>
0:617  0:000   - [01]: (change _OSI to XOSI, pair with SSDT-XOSI.aml) lenToFind: 4, lenToReplace: 4, Target Bridge: <null string>
0:617  0:000   - [02]: (change EHC1 to EH01, optionally pair with SSDT-EH01.aml) lenToFind: 4, lenToReplace: 4, Target Bridge: <null string>
0:617  0:000   - [03]: (change EHC2 to EH02, optionally pair with SSDT-EH02.aml) lenToFind: 4, lenToReplace: 4, Target Bridge: <null string>
0:617  0:000   - [04]: (change GFX0 to IGPU, optionally pair with SSDT-IGPU.aml) lenToFind: 4, lenToReplace: 4, Target Bridge: <null string>
0:617  0:000   - [05]: (change B0D3 to HDAU, optionally pair with SSDT-HDAU.aml) lenToFind: 4, lenToReplace: 4, Target Bridge: <null string>
0:617  0:000   - [06]: (change SAT0 to SATA, optionally pair with SSDT-SATA.aml) lenToFind: 4, lenToReplace: 4, Target Bridge: <null string>
0:617  0:000   - [07]: (change LPC to LPCB, optionally pair with SSDT-DEHCI.aml, SSDT-DEH01.aml, SSDT-DEH02.aml, SSDT-LPC.aml) lenToFind: 4, lenToReplace: 4, Target Bridge: <null string>
0:617  0:000    patch disabled at config
0:617  0:000  Using ProductName from config: MacBookPro11,1
0:617  0:000  BiosVersion: not set, Using BiosVersion from clover
0:617  0:000  BiosVersion: MBP111.88Z.0147.B00.1809171520
0:617  0:000  BiosReleaseDate: 09/17/2018
0:617  0:000  Using EfiVersion from clover: 149.0.0.0.0
0:617  0:000  Using FirmwareFeatures from clover: 0xE80FE137
0:617  0:000  Using FirmwareFeaturesMask from clover: 0xFF1FFF3F
0:617  0:000  Using PlatformFeature from clover: 0x2
0:619  0:002  === [ Found DSDT tables ] =================================
0:646  0:026  === [ ScanVolumes ] =======================================
0:646  0:000  Found 26 volumes with blockIO
0:646  0:000  - [00]: Volume: PciRoot(0x0)\Pci(0x1F,0x2)\Sata(0x0,0xFFFF,0x0)
0:646  0:000          Result of bootcode detection: bootable unknown (legacy)
0:646  0:000  - [01]: Volume: PciRoot(0x0)\Pci(0x1F,0x2)\Sata(0x4,0xFFFF,0x0)
0:647  0:000  - [02]: Volume: PciRoot(0x0)\Pci(0x1F,0x2)\Sata(0x5,0xFFFF,0x0)
0:647  0:000  - [03]: Volume: PciRoot(0x0)\Pci(0x1F,0x2)\Sata(0x0,0xFFFF,0x0)\HD(1,GPT,5FDE1B17-28DD-43AF-B43A-4221AFF8D4D6,0x28,0x424C0F68)
0:648  0:000          Result of bootcode detection: bootable Windows (vista,win)
0:648  0:000  - [04]: Volume: PciRoot(0x0)\Pci(0x1F,0x2)\Sata(0x0,0xFFFF,0x0)\HD(2,GPT,E871FAB6-718D-4421-B02D-C20267FD0AA3,0x424C0F90,0xEBD6300)
0:649  0:000          Result of bootcode detection: bootable Windows (vista,win)
0:649  0:000  - [05]: Volume: PciRoot(0x0)\Pci(0x1F,0x2)\Sata(0x0,0xFFFF,0x0)\HD(3,GPT,A526B9DE-77EE-4CDF-9143-688D21A61CAC,0x51097290,0x6402570)
0:650  0:000          Result of bootcode detection: bootable Windows (vista,win)
0:651  0:000  - [06]: Volume: PciRoot(0x0)\Pci(0x1F,0x2)\Sata(0x0,0xFFFF,0x0)\HD(4,GPT,E760A3E4-2BEF-44ED-8F90-C40FDB23CE38,0x57499800,0x37ED258)
0:651  0:000  - [07]: Volume: PciRoot(0x0)\Pci(0x1F,0x2)\Sata(0x0,0xFFFF,0x0)\HD(5,GPT,456C65BF-F5FB-4CF5-84F4-F38E72BF7651,0x5ACC6A58,0xDF7CDA8)
0:652  0:000  - [08]: Volume: PciRoot(0x0)\Pci(0x1F,0x2)\Sata(0x0,0xFFFF,0x0)\HD(6,GPT,D5454EE7-8390-4159-9D34-DCE0DE2FF8D3,0x68C83800,0x82A2000)
0:652  0:000  - [09]: Volume: PciRoot(0x0)\Pci(0x1F,0x2)\Sata(0x0,0xFFFF,0x0)\HD(7,GPT,A3521038-5760-4AA8-9147-7A5AB57FE7D7,0x70F25800,0xF42800)
0:653  0:000  - [10]: Volume: PciRoot(0x0)\Pci(0x1F,0x2)\Sata(0x0,0xFFFF,0x0)\HD(8,GPT,4A5A6428-2B7F-49A3-B021-F86F9A7C0EA9,0x71E68000,0x69000)
0:653  0:000          Result of bootcode detection: bootable Windows (win)
0:654  0:000  - [11]: Volume: PciRoot(0x0)\Pci(0x1F,0x2)\Sata(0x0,0xFFFF,0x0)\HD(9,GPT,A0F6AE23-9D10-4C0A-8158-4CC0B091D93C,0x71ED1000,0xF9800)
0:654  0:000          Result of bootcode detection: bootable Windows (vista,win)
0:655  0:000  - [12]: Volume: PciRoot(0x0)\Pci(0x1F,0x2)\Sata(0x0,0xFFFF,0x0)\HD(10,GPT,354B58EF-4912-4AD1-830D-6C8C7CA0B10F,0x71FCA800,0x32000)
0:655  0:000          Result of bootcode detection: bootable Windows (vista,win)
0:657  0:001  - [13]: Volume: PciRoot(0x0)\Pci(0x1F,0x2)\Sata(0x4,0xFFFF,0x0)\HD(1,GPT,5309394B-B42B-4A6E-8393-4A043DB32798,0x28,0x71FD8)
0:657  0:000          Result of bootcode detection: bootable Windows (vista,win)
0:661  0:003          This is SelfVolume !!
0:661  0:000  - [14]: Volume: PciRoot(0x0)\Pci(0x1F,0x2)\Sata(0x4,0xFFFF,0x0)\HD(2,GPT,C322F3B2-CB51-43D1-A6AA-165660404B2C,0x72000,0xFA000)
0:661  0:000  - [15]: Volume: PciRoot(0x0)\Pci(0x1F,0x2)\Sata(0x4,0xFFFF,0x0)\HD(3,GPT,73D2269A-1AC8-453B-A0AB-5AF65E105139,0x16C800,0x762715C)
0:662  0:000          Result of bootcode detection: bootable Windows (vista,win)
0:662  0:000  - [16]: Volume: PciRoot(0x0)\Pci(0x1F,0x2)\Sata(0x4,0xFFFF,0x0)\HD(4,GPT,0A6B7E1D-9EF2-481B-AB0F-B9D7619C7B86,0x7794000,0x1D8000)
0:663  0:000          Result of bootcode detection: bootable Windows (vista,win)
0:663  0:000  - [17]: Volume: PciRoot(0x0)\Pci(0x1F,0x2)\Sata(0x4,0xFFFF,0x0)\HD(5,GPT,7A5600FC-14ED-4DF9-BD9E-83257F72FD63,0x796C008,0x7510287)
0:663  0:000          Result of bootcode detection: bootable Windows (vista,win)
0:664  0:000  - [18]: Volume: PciRoot(0x0)\Pci(0x1F,0x2)\Sata(0x5,0xFFFF,0x0)\HD(1,GPT,1F1D26ED-CFB8-41A7-8823-B020318B646B,0x800,0x2712800)
0:665  0:000  - [19]: Volume: PciRoot(0x0)\Pci(0x1F,0x2)\Sata(0x5,0xFFFF,0x0)\HD(2,GPT,BAF9B16B-CD75-4966-AE0F-3EE1BCE7DBFE,0x2713000,0x4880800)
0:665  0:000  - [20]: Volume: PciRoot(0x0)\Pci(0x1F,0x2)\Sata(0x5,0xFFFF,0x0)\HD(3,GPT,A0D5FFDD-BAA7-4FB6-8882-A130AF84844B,0x6F93800,0x96000)
0:666  0:000          Result of bootcode detection: bootable Windows (win)
0:667  0:001  - [21]: Volume: PciRoot(0x0)\Pci(0x1F,0x2)\Sata(0x5,0xFFFF,0x0)\HD(4,GPT,951AD968-E6D9-4C56-92F2-5844D207BEFF,0x7029800,0x30E19E88)
0:667  0:000          Result of bootcode detection: bootable unknown (legacy)
0:667  0:000  - [22]: Volume: PciRoot(0x0)\Pci(0x1F,0x2)\Sata(0x5,0xFFFF,0x0)\HD(4,GPT,951AD968-E6D9-4C56-92F2-5844D207BEFF,0x7029800,0x30E19E88)\VenMedia(BE74FCF7-0B7C-49F3-9147-01F4042E6842,3DFEC33F7FCDCF4BA602E3E9715AC6D0)
0:667  0:000          hiding this volume
0:667  0:000  - [23]: Volume: PciRoot(0x0)\Pci(0x1F,0x2)\Sata(0x5,0xFFFF,0x0)\HD(4,GPT,951AD968-E6D9-4C56-92F2-5844D207BEFF,0x7029800,0x30E19E88)\VenMedia(BE74FCF7-0B7C-49F3-9147-01F4042E6842,B8D07E78C4999146A61C0A17EE1F6434)
0:667  0:000  - [24]: Volume: PciRoot(0x0)\Pci(0x1F,0x2)\Sata(0x5,0xFFFF,0x0)\HD(4,GPT,951AD968-E6D9-4C56-92F2-5844D207BEFF,0x7029800,0x30E19E88)\VenMedia(BE74FCF7-0B7C-49F3-9147-01F4042E6842,89524A7E585A3045BCF6182265176A14)
0:667  0:000  - [25]: Volume: PciRoot(0x0)\Pci(0x1F,0x2)\Sata(0x5,0xFFFF,0x0)\HD(4,GPT,951AD968-E6D9-4C56-92F2-5844D207BEFF,0x7029800,0x30E19E88)\VenMedia(BE74FCF7-0B7C-49F3-9147-01F4042E6842,51DE52550C29A84CBCF15F91791E5927)
0:668  0:000  PutNvramPlistToRtVars: nvram.plist not found
0:668  0:000  === [ InitTheme ] =========================================
0:668  0:000  GlobalConfig: BGM not found, get embedded theme
0:668  0:000   using embedded theme
0:669  0:000  Using embedded font: Success
0:669  0:000  theme inited
0:669  0:000  Chosen embedded theme
0:669  0:000  after NVRAM boot-args=nv_disable=1 dart=0 kext-dev-mode=1 -cdfon -igfxnohdmi
0:669  0:000  === [ Dump SMC keys from NVRAM ] ==========================
0:669  0:000  found AppleSMC protocol
0:669  0:000  Registered 0 SMC keys
0:669  0:000  === [ AddCustomEntries ] ==================================
0:669  0:000  Custom entry 0 Title:"Recovery" Path:"\com.apple.recovery.boot\boot.efi" Type:10 Flags:0x6 matching all volumes
0:669  0:000      Checking volume "‡c" (PciRoot(0x0)\Pci(0x1F,0x2)\Sata(0x0,0xFFFF,0x0)\HD(1,GPT,5FDE1B17-28DD-43AF-B43A-4221AFF8D4D6,0x28,0x424C0F68)) ... skipped because path does not exist
0:669  0:000      Checking volume "qó" (PciRoot(0x0)\Pci(0x1F,0x2)\Sata(0x0,0xFFFF,0x0)\HD(2,GPT,E871FAB6-718D-4421-B02D-C20267FD0AA3,0x424C0F90,0xEBD6300)) ... skipped because path does not exist
0:669  0:000      Checking volume "}" (PciRoot(0x0)\Pci(0x1F,0x2)\Sata(0x0,0xFFFF,0x0)\HD(3,GPT,A526B9DE-77EE-4CDF-9143-688D21A61CAC,0x51097290,0x6402570)) ... skipped because path does not exist
0:669  0:000      Checking volume "backup" (PciRoot(0x0)\Pci(0x1F,0x2)\Sata(0x0,0xFFFF,0x0)\HD(4,GPT,E760A3E4-2BEF-44ED-8F90-C40FDB23CE38,0x57499800,0x37ED258)) ... skipped because path does not exist
0:669  0:000      Checking volume "time" (PciRoot(0x0)\Pci(0x1F,0x2)\Sata(0x0,0xFFFF,0x0)\HD(5,GPT,456C65BF-F5FB-4CF5-84F4-F38E72BF7651,0x5ACC6A58,0xDF7CDA8)) ... skipped because path does not exist
0:669  0:000      Checking volume "EFI" (PciRoot(0x0)\Pci(0x1F,0x2)\Sata(0x0,0xFFFF,0x0)\HD(8,GPT,4A5A6428-2B7F-49A3-B021-F86F9A7C0EA9,0x71E68000,0x69000)) ... skipped because path does not exist
0:669  0:000      Checking volume "b" (PciRoot(0x0)\Pci(0x1F,0x2)\Sata(0x0,0xFFFF,0x0)\HD(9,GPT,A0F6AE23-9D10-4C0A-8158-4CC0B091D93C,0x71ED1000,0xF9800)) ... skipped because path does not exist
0:669  0:000      Checking volume "EFI" (PciRoot(0x0)\Pci(0x1F,0x2)\Sata(0x0,0xFFFF,0x0)\HD(10,GPT,354B58EF-4912-4AD1-830D-6C8C7CA0B10F,0x71FCA800,0x32000)) ... skipped because path does not exist
0:669  0:000      Checking volume "EFI" (PciRoot(0x0)\Pci(0x1F,0x2)\Sata(0x4,0xFFFF,0x0)\HD(1,GPT,5309394B-B42B-4A6E-8393-4A043DB32798,0x28,0x71FD8)) ... skipped because path does not exist
0:669  0:000      Checking volume "ûß" (PciRoot(0x0)\Pci(0x1F,0x2)\Sata(0x4,0xFFFF,0x0)\HD(3,GPT,73D2269A-1AC8-453B-A0AB-5AF65E105139,0x16C800,0x762715C)) ... skipped because path does not exist
0:669  0:000      Checking volume "" (PciRoot(0x0)\Pci(0x1F,0x2)\Sata(0x4,0xFFFF,0x0)\HD(4,GPT,0A6B7E1D-9EF2-481B-AB0F-B9D7619C7B86,0x7794000,0x1D8000)) ... skipped because path does not exist
0:669  0:000      Checking volume "oö" (PciRoot(0x0)\Pci(0x1F,0x2)\Sata(0x4,0xFFFF,0x0)\HD(5,GPT,7A5600FC-14ED-4DF9-BD9E-83257F72FD63,0x796C008,0x7510287)) ... skipped because path does not exist
0:669  0:000      Checking volume "EFI" (PciRoot(0x0)\Pci(0x1F,0x2)\Sata(0x5,0xFFFF,0x0)\HD(3,GPT,A0D5FFDD-BAA7-4FB6-8882-A130AF84844B,0x6F93800,0x96000)) ... skipped because path does not exist
0:669  0:000      Checking volume "Preboot" (PciRoot(0x0)\Pci(0x1F,0x2)\Sata(0x5,0xFFFF,0x0)\HD(4,GPT,951AD968-E6D9-4C56-92F2-5844D207BEFF,0x7029800,0x30E19E88)\VenMedia(BE74FCF7-0B7C-49F3-9147-01F4042E6842,3DFEC33F7FCDCF4BA602E3E9715AC6D0)) ... skipped because volume is hidden
0:669  0:000      Checking volume "macOS Mojave" (PciRoot(0x0)\Pci(0x1F,0x2)\Sata(0x5,0xFFFF,0x0)\HD(4,GPT,951AD968-E6D9-4C56-92F2-5844D207BEFF,0x7029800,0x30E19E88)\VenMedia(BE74FCF7-0B7C-49F3-9147-01F4042E6842,B8D07E78C4999146A61C0A17EE1F6434)) ... skipped because path does not exist
0:670  0:000      Checking volume "Recovery" (PciRoot(0x0)\Pci(0x1F,0x2)\Sata(0x5,0xFFFF,0x0)\HD(4,GPT,951AD968-E6D9-4C56-92F2-5844D207BEFF,0x7029800,0x30E19E88)\VenMedia(BE74FCF7-0B7C-49F3-9147-01F4042E6842,89524A7E585A3045BCF6182265176A14)) ... skipped because path does not exist
0:670  0:000      Checking volume "VM" (PciRoot(0x0)\Pci(0x1F,0x2)\Sata(0x5,0xFFFF,0x0)\HD(4,GPT,951AD968-E6D9-4C56-92F2-5844D207BEFF,0x7029800,0x30E19E88)\VenMedia(BE74FCF7-0B7C-49F3-9147-01F4042E6842,51DE52550C29A84CBCF15F91791E5927)) ... skipped because path does not exist
0:670  0:000  Custom entry 1 Title:"Windows" Path:"\EFI\Microsoft\Boot\bootmgfw.efi" Options:"-s -h" Type:7 Flags:0x0 matching all volumes
0:670  0:000      Checking volume "‡c" (PciRoot(0x0)\Pci(0x1F,0x2)\Sata(0x0,0xFFFF,0x0)\HD(1,GPT,5FDE1B17-28DD-43AF-B43A-4221AFF8D4D6,0x28,0x424C0F68)) ... skipped because path does not exist
0:670  0:000      Checking volume "qó" (PciRoot(0x0)\Pci(0x1F,0x2)\Sata(0x0,0xFFFF,0x0)\HD(2,GPT,E871FAB6-718D-4421-B02D-C20267FD0AA3,0x424C0F90,0xEBD6300)) ... skipped because path does not exist
0:670  0:000      Checking volume "}" (PciRoot(0x0)\Pci(0x1F,0x2)\Sata(0x0,0xFFFF,0x0)\HD(3,GPT,A526B9DE-77EE-4CDF-9143-688D21A61CAC,0x51097290,0x6402570)) ... skipped because path does not exist
0:670  0:000      Checking volume "backup" (PciRoot(0x0)\Pci(0x1F,0x2)\Sata(0x0,0xFFFF,0x0)\HD(4,GPT,E760A3E4-2BEF-44ED-8F90-C40FDB23CE38,0x57499800,0x37ED258)) ... skipped because path does not exist
0:670  0:000      Checking volume "time" (PciRoot(0x0)\Pci(0x1F,0x2)\Sata(0x0,0xFFFF,0x0)\HD(5,GPT,456C65BF-F5FB-4CF5-84F4-F38E72BF7651,0x5ACC6A58,0xDF7CDA8)) ... skipped because path does not exist
0:670  0:000      Checking volume "EFI" (PciRoot(0x0)\Pci(0x1F,0x2)\Sata(0x0,0xFFFF,0x0)\HD(8,GPT,4A5A6428-2B7F-49A3-B021-F86F9A7C0EA9,0x71E68000,0x69000)) ... skipped because path does not exist
0:670  0:000      Checking volume "b" (PciRoot(0x0)\Pci(0x1F,0x2)\Sata(0x0,0xFFFF,0x0)\HD(9,GPT,A0F6AE23-9D10-4C0A-8158-4CC0B091D93C,0x71ED1000,0xF9800)) ... skipped because path does not exist
0:670  0:000      Checking volume "EFI" (PciRoot(0x0)\Pci(0x1F,0x2)\Sata(0x0,0xFFFF,0x0)\HD(10,GPT,354B58EF-4912-4AD1-830D-6C8C7CA0B10F,0x71FCA800,0x32000)) ... skipped because path does not exist
0:670  0:000      Checking volume "EFI" (PciRoot(0x0)\Pci(0x1F,0x2)\Sata(0x4,0xFFFF,0x0)\HD(1,GPT,5309394B-B42B-4A6E-8393-4A043DB32798,0x28,0x71FD8)) ... match!
0:672  0:001  Custom settings: <null string>.plist will  be applied
0:672  0:000      Checking volume "ûß" (PciRoot(0x0)\Pci(0x1F,0x2)\Sata(0x4,0xFFFF,0x0)\HD(3,GPT,73D2269A-1AC8-453B-A0AB-5AF65E105139,0x16C800,0x762715C)) ... skipped because path does not exist
0:672  0:000      Checking volume "" (PciRoot(0x0)\Pci(0x1F,0x2)\Sata(0x4,0xFFFF,0x0)\HD(4,GPT,0A6B7E1D-9EF2-481B-AB0F-B9D7619C7B86,0x7794000,0x1D8000)) ... skipped because path does not exist
0:672  0:000      Checking volume "oö" (PciRoot(0x0)\Pci(0x1F,0x2)\Sata(0x4,0xFFFF,0x0)\HD(5,GPT,7A5600FC-14ED-4DF9-BD9E-83257F72FD63,0x796C008,0x7510287)) ... skipped because path does not exist
0:672  0:000      Checking volume "EFI" (PciRoot(0x0)\Pci(0x1F,0x2)\Sata(0x5,0xFFFF,0x0)\HD(3,GPT,A0D5FFDD-BAA7-4FB6-8882-A130AF84844B,0x6F93800,0x96000)) ... skipped because path does not exist
0:672  0:000      Checking volume "Preboot" (PciRoot(0x0)\Pci(0x1F,0x2)\Sata(0x5,0xFFFF,0x0)\HD(4,GPT,951AD968-E6D9-4C56-92F2-5844D207BEFF,0x7029800,0x30E19E88)\VenMedia(BE74FCF7-0B7C-49F3-9147-01F4042E6842,3DFEC33F7FCDCF4BA602E3E9715AC6D0)) ... skipped because volume is hidden
0:672  0:000      Checking volume "macOS Mojave" (PciRoot(0x0)\Pci(0x1F,0x2)\Sata(0x5,0xFFFF,0x0)\HD(4,GPT,951AD968-E6D9-4C56-92F2-5844D207BEFF,0x7029800,0x30E19E88)\VenMedia(BE74FCF7-0B7C-49F3-9147-01F4042E6842,B8D07E78C4999146A61C0A17EE1F6434)) ... skipped because path does not exist
0:672  0:000      Checking volume "Recovery" (PciRoot(0x0)\Pci(0x1F,0x2)\Sata(0x5,0xFFFF,0x0)\HD(4,GPT,951AD968-E6D9-4C56-92F2-5844D207BEFF,0x7029800,0x30E19E88)\VenMedia(BE74FCF7-0B7C-49F3-9147-01F4042E6842,89524A7E585A3045BCF6182265176A14)) ... skipped because path does not exist
0:672  0:000      Checking volume "VM" (PciRoot(0x0)\Pci(0x1F,0x2)\Sata(0x5,0xFFFF,0x0)\HD(4,GPT,951AD968-E6D9-4C56-92F2-5844D207BEFF,0x7029800,0x30E19E88)\VenMedia(BE74FCF7-0B7C-49F3-9147-01F4042E6842,51DE52550C29A84CBCF15F91791E5927)) ... skipped because path does not exist
0:672  0:000  === [ ScanLoader ] ========================================
0:672  0:000  - [03]: '‡c'
0:672  0:000  - [04]: 'qó'
0:672  0:000          AddLoaderEntry for Volume Name=qó
0:672  0:000          skipped because entry is hidden
0:672  0:000  - [05]: '}'
0:672  0:000  - [06]: 'backup'
0:673  0:000  - [07]: 'time'
0:673  0:000  - [10]: 'EFI'
0:673  0:000  - [11]: 'b'
0:673  0:000  - [12]: 'EFI'
0:673  0:000  - [13]: 'EFI'
0:673  0:000          AddLoaderEntry for Volume Name=EFI
0:673  0:000       skipped because path `PciRoot(0x0)\Pci(0x1F,0x2)\Sata(0x4,0xFFFF,0x0)\HD(1,GPT,5309394B-B42B-4A6E-8393-4A043DB32798,0x28,0x71FD8)\EFI\microsoft\Boot\bootmgfw.efii` already exists for another entry!
0:676  0:002          AddLoaderEntry for Volume Name=EFI
0:677  0:001          AddLoaderEntry for Volume Name=EFI
0:677  0:000          skipped because entry is hidden
0:677  0:000  - [15]: 'ûß'
0:689  0:011  - [16]: ''
0:689  0:000  - [17]: 'oö'
0:689  0:000  - [20]: 'EFI'
0:689  0:000  - [22]: 'Preboot', hidden
0:689  0:000  - [23]: 'macOS Mojave'
0:731  0:042          AddLoaderEntry for Volume Name=macOS Mojave
0:741  0:009      hibernated: set as never
0:748  0:007  - [24]: 'Recovery'
0:750  0:001          AddLoaderEntry for Volume Name=Recovery
0:755  0:004  - [25]: 'VM'
0:755  0:000  === [ AddCustomTool ] =====================================
0:756  0:001  found tool \EFI\CLOVER\tools\Shell64U.efi
0:756  0:000  Checking EFI partition Volume 10 for Clover
0:756  0:000  Checking EFI partition Volume 12 for Clover
0:756  0:000  Checking EFI partition Volume 13 for Clover
0:756  0:000   Found Clover
0:757  0:000  EmuVariable UninstallEmulation: CloseEvent = Success, original var services restored
0:757  0:000  EmuVariable InstallEmulation: orig vars copied, emu.var.services installed, CreateEvent VirtualAddressChange = Success, CreateEvent ExitBootServices = Success, set Status=Success
0:773  0:016  === [ GetEfiBootDeviceFromNvram ] =========================
0:773  0:000   - efi-boot-device-data: PciRoot(0x0)\Pci(0x1F,0x2)\Sata(0x4,0xFFFF,0x0)\HD(1,GPT,5309394B-B42B-4A6E-8393-4A043DB32798,0x28,0x71FD8)\EFI\Microsoft\Boot\bootmgfw.efii
0:773  0:000    - Volume: 'PciRoot(0x0)\Pci(0x1F,0x2)\Sata(0x4,0xFFFF,0x0)\HD(1,GPT,5309394B-B42B-4A6E-8393-4A043DB32798,0x28,0x71FD8)'
0:773  0:000    - LoaderPath: '\EFI\Microsoft\Boot\bootmgfw.efi'
0:773  0:000    - Guid = 5309394B-B42B-4A6E-8393-4A043DB32798
0:773  0:000  === [ FindStartupDiskVolume ] =============================
0:773  0:000    - Volume: partition = PciRoot(0x0)\Pci(0x1F,0x2)\Sata(0x4,0xFFFF,0x0)\HD(1,GPT,5309394B-B42B-4A6E-8393-4A043DB32798,0x28,0x71FD8)
0:773  0:000     - searching for that partition and loader '\EFI\Microsoft\Boot\bootmgfw.efi'
0:773  0:000      - found entry 0. 'Boot Windows from EFI', Volume 'EFI', '\EFI\Microsoft\Boot\bootmgfw.efi'
0:773  0:000  Boot redirected to Entry 0. 'Boot Windows from EFI'
0:773  0:000  EmuVariable UninstallEmulation: CloseEvent = Success, original var services restored
0:773  0:000  DefaultIndex=0 and MainMenu.EntryCount=10
0:773  0:000  not run anime
0:797  0:023  GUI ready
